[12Dec2024 00:03:09.863] [Server thread/WARN] [net.minecraft.server.MinecraftServer/]: Can't keep up! Is the server overloaded? Running 2024ms or 40 ticks behind
[12Dec2024 00:03:31.610] [Server thread/WARN] [net.minecraft.server.MinecraftServer/]: Can't keep up! Is the server overloaded? Running 6771ms or 135 ticks behind
[12Dec2024 00:05:37.427] [Server thread/INFO] [net.minecraft.server.network.ServerGamePacketListenerImpl/]: ZOMTASMA08 lost connection: Disconnected
[12Dec2024 00:05:37.428] [Server thread/INFO] [net.minecraft.server.MinecraftServer/]: ZOMTASMA08 left the game
[12Dec2024 00:05:53.580] [Server thread/INFO] [net.minecraft.server.MinecraftServer/]: Pochito228 has made the advancement [Double Or Nothing!]
[12Dec2024 00:05:53.586] [Server thread/INFO] [net.minecraft.server.MinecraftServer/]: Pochito228 has made the advancement [You Monster...]
[12Dec2024 00:07:45.766] [Server thread/INFO] [net.minecraft.server.MinecraftServer/]: Pochito228 has completed the challenge [Phantom Thief]
[12Dec2024 00:14:32.370] [Server thread/WARN] [net.minecraft.server.MinecraftServer/]: Can't keep up! Is the server overloaded? Running 2402ms or 48 ticks behind
[12Dec2024 00:16:06.664] [Server thread/WARN] [net.minecraft.server.MinecraftServer/]: Can't keep up! Is the server overloaded? Running 2025ms or 40 ticks behind
[12Dec2024 00:19:02.699] [Server thread/WARN] [net.minecraft.server.MinecraftServer/]: Can't keep up! Is the server overloaded? Running 2261ms or 45 ticks behind
[12Dec2024 00:19:21.362] [Server thread/WARN] [net.minecraft.server.MinecraftServer/]: Can't keep up! Is the server overloaded? Running 3673ms or 73 ticks behind
[12Dec2024 00:20:51.232] [Server thread/WARN] [net.minecraft.server.MinecraftServer/]: Can't keep up! Is the server overloaded? Running 2244ms or 44 ticks behind
[12Dec2024 00:21:19.512] [Server thread/WARN] [net.minecraft.server.network.ServerGamePacketListenerImpl/]: Pochito228 moved too quickly! -7.393433811776049,-4.768476202412987,5.197263318175828
[12Dec2024 00:21:19.899] [Server thread/WARN] [net.minecraft.server.MinecraftServer/]: Can't keep up! Is the server overloaded? Running 13710ms or 274 ticks behind
[12Dec2024 00:21:36.076] [Server thread/WARN] [net.minecraft.server.network.ServerGamePacketListenerImpl/]: Pochito228 moved too quickly! -3.5206563981455474,-1.0752008901189356,9.79376319094672
[12Dec2024 00:21:42.614] [Server thread/WARN] [net.minecraft.server.network.ServerGamePacketListenerImpl/]: Pochito228 moved too quickly! -1.4843579310900168,1.4952008770059138,9.971501157784587
[12Dec2024 00:21:49.495] [Server thread/WARN] [net.minecraft.server.MinecraftServer/]: Can't keep up! Is the server overloaded? Running 14607ms or 292 ticks behind
[12Dec2024 00:36:20.649] [Server thread/INFO] [net.minecraft.server.MinecraftServer/]: Pochito228 has completed the challenge [It Spreads]
[12Dec2024 00:36:22.915] [Server thread/WARN] [net.minecraft.server.MinecraftServer/]: Can't keep up! Is the server overloaded? Running 2277ms or 45 ticks behind
[12Dec2024 00:42:53.531] [Server thread/WARN] [net.minecraft.server.MinecraftServer/]: Can't keep up! Is the server overloaded? Running 2493ms or 49 ticks behind
[12Dec2024 00:44:26.222] [Server thread/INFO] [net.minecraft.server.players.PlayerList/]: ZOMTASMA08[/100.81.12.92:63944] logged in with entity id 54444 at (12033.40595396758, 65.0, 1527.555962630809)
[12Dec2024 00:44:26.272] [Server thread/INFO] [net.minecraft.server.MinecraftServer/]: ZOMTASMA08 joined the game
[12Dec2024 00:44:30.914] [Server thread/WARN] [net.minecraft.server.MinecraftServer/]: Can't keep up! Is the server overloaded? Running 3325ms or 66 ticks behind
[12Dec2024 00:47:57.011] [Server thread/WARN] [net.minecraft.server.MinecraftServer/]: Can't keep up! Is the server overloaded? Running 2022ms or 40 ticks behind
[12Dec2024 00:48:16.586] [Server thread/WARN] [net.minecraft.server.MinecraftServer/]: Can't keep up! Is the server overloaded? Running 4598ms or 91 ticks behind
[12Dec2024 00:50:51.040] [Server thread/WARN] [net.minecraft.server.MinecraftServer/]: Can't keep up! Is the server overloaded? Running 2002ms or 40 ticks behind
[12Dec2024 00:51:17.637] [Server thread/WARN] [net.minecraft.server.MinecraftServer/]: Can't keep up! Is the server overloaded? Running 11599ms or 231 ticks behind
[12Dec2024 00:52:59.831] [Server thread/WARN] [net.minecraft.server.MinecraftServer/]: Can't keep up! Is the server overloaded? Running 2392ms or 47 ticks behind
[12Dec2024 00:53:25.782] [Server thread/WARN] [net.minecraft.server.MinecraftServer/]: Can't keep up! Is the server overloaded? Running 2494ms or 49 ticks behind
[12Dec2024 00:54:36.007] [Server thread/INFO] [net.minecraft.server.MinecraftServer/]: Pochito228 has made the advancement [Mother of Dragons]
[12Dec2024 00:56:34.828] [Server thread/WARN] [net.minecraft.server.MinecraftServer/]: Can't keep up! Is the server overloaded? Running 2439ms or 48 ticks behind
[12Dec2024 00:57:16.036] [Server thread/WARN] [net.minecraft.server.MinecraftServer/]: Can't keep up! Is the server overloaded? Running 2648ms or 52 ticks behind
[12Dec2024 00:57:53.144] [Server thread/WARN] [net.minecraft.server.MinecraftServer/]: Can't keep up! Is the server overloaded? Running 2255ms or 45 ticks behind
[12Dec2024 01:00:26.993] [Server thread/WARN] [net.minecraft.server.MinecraftServer/]: Can't keep up! Is the server overloaded? Running 2005ms or 40 ticks behind
[12Dec2024 01:05:51.677] [Server thread/INFO] [net.minecraft.server.MinecraftServer/]: ZOMTASMA08 was shot by Pochito228
[12Dec2024 01:18:22.702] [Server thread/INFO] [net.minecraft.server.network.ServerGamePacketListenerImpl/]: Pochito228 lost connection: Disconnected
[12Dec2024 01:18:22.703] [Server thread/INFO] [net.minecraft.server.MinecraftServer/]: Pochito228 left the game
